============================================================
  Generated by:           Genus(TM) Synthesis Solution 20.11-s111_1
  Generated on:           Feb 28 2026  03:26:46 pm
  Module:                 auto_comparator2
  Operating conditions:   slow 
  Interconnect mode:      global
  Area mode:              physical library
============================================================

                               
   Gate     Instances   Area   Library 
---------------------------------------
AND2X4              1    3.078    slow 
AOI21X4             3   15.390    slow 
AOI22X4             1    6.156    slow 
AOI2BB1X4           1    4.104    slow 
BUFX2               2    3.420    slow 
BUFX6               2    6.156    slow 
CLKAND2X12          2   15.048    slow 
CLKAND2X6           2    9.576    slow 
CLKINVX12           2    8.208    slow 
CLKINVX2            1    1.368    slow 
DFFHQX1            16   98.496    slow 
DFFHQX4             2   16.416    slow 
INVX1               5    3.463    slow 
INVX12              1    3.848    slow 
INVX16             12   62.996    slow 
INVX2               7    7.302    slow 
INVX20             15   94.520    slow 
INVX3               4    5.575    slow 
INVX4               4    6.977    slow 
INVX6               4    8.379    slow 
INVX8               7   19.571    slow 
INVXL               1    0.727    slow 
NAND2X1            17   17.733    slow 
NAND2X2             2    3.488    slow 
NAND2X4             4   13.680    slow 
NAND2X6             7   33.516    slow 
NAND2X8            12   65.664    slow 
NAND3X6             1    7.182    slow 
NAND3X8             1    8.208    slow 
NOR2X2              2    4.104    slow 
NOR2X4              4   13.680    slow 
NOR2X6              9   40.014    slow 
NOR2X8             14   76.608    slow 
NOR3X6              1    7.182    slow 
NOR3X8              5   44.460    slow 
OA22X4              1    4.104    slow 
OAI21X4             3   14.364    slow 
OAI221X4           16  125.856    slow 
OAI22X4             1    6.498    slow 
OAI2BB1X4           2    8.892    slow 
OR2X4               2    6.156    slow 
OR2X6               3   12.312    slow 
---------------------------------------
total             202  914.474         


                                        
     Type      Instances   Area  Area % 
----------------------------------------
sequential            18 114.912   12.6 
inverter              63 222.933   24.4 
buffer                 4   9.576    1.0 
logic                117 567.053   62.0 
physical_cells         0   0.000    0.0 
----------------------------------------
total                202 914.474  100.0 

