============================================================
  Generated by:           Genus(TM) Synthesis Solution 20.11-s111_1
  Generated on:           Feb 28 2026  03:26:46 pm
  Module:                 auto_comparator2
  Operating conditions:   slow 
  Interconnect mode:      global
  Area mode:              physical library
============================================================


Path 1: VIOLATED (-754 ps) Setup Check with Pin max_val_reg[15]/CK->D
          Group: clk
     Startpoint: (R) a[2]
          Clock: (R) clk
       Endpoint: (R) max_val_reg[15]/D
          Clock: (R) clk

                     Capture       Launch     
        Clock Edge:+    1000            0     
        Drv Adjust:+       0            0     
       Src Latency:+       0            0     
       Net Latency:+       0 (I)        0 (I) 
           Arrival:=    1000            0     
                                              
             Setup:-     121                  
       Uncertainty:-     300                  
     Required Time:=     579                  
      Launch Clock:-       0                  
       Input Delay:-     500                  
         Data Path:-     834                  
             Slack:=    -754                  

Exceptions/Constraints:
  input_delay             500             NPU_input.sdc_line_3_15_1 

#-------------------------------------------------------------------------------------------
#   Timing Point    Flags   Arc   Edge    Cell     Fanout Load Trans Delay Arrival Instance 
#                                                         (fF)  (ps)  (ps)   (ps)  Location 
#-------------------------------------------------------------------------------------------
  a[2]              -       -     R     (arrival)       2 22.6   500     0     500    (-,-) 
  g4111/Y           -       A->Y  F     NOR2X8          1 10.0   133   174     674    (-,-) 
  g305/Y            -       A->Y  R     NOR3X8          1  6.8   100   112     786    (-,-) 
  g304/Y            -       A1->Y F     AOI21X4         1 10.0   125   108     893    (-,-) 
  g105/Y            -       A->Y  R     NOR3X8          1  9.6   114   118    1012    (-,-) 
  g268/Y            -       A->Y  F     NOR2X8          2 14.0    60    71    1082    (-,-) 
  g71/Y             -       B->Y  R     NAND2X8         2 12.3    43    42    1125    (-,-) 
  g17/Y             -       B->Y  R     CLKAND2X12      1 18.0    46    91    1216    (-,-) 
  g58/Y             -       A->Y  F     INVX20          9 45.8    51    44    1260    (-,-) 
  g52/Y             -       A1->Y R     OAI221X4        1  4.5   121    74    1334    (-,-) 
  max_val_reg[15]/D <<<     -     R     DFFHQX1         1    -     -     0    1334    (-,-) 
#-------------------------------------------------------------------------------------------

