============================================================
  Generated by:           Genus(TM) Synthesis Solution 20.11-s111_1
  Generated on:           Feb 28 2026  03:49:19 pm
  Module:                 downcounter_16bit
  Operating conditions:   slow 
  Interconnect mode:      global
  Area mode:              physical library
============================================================


Path 1: VIOLATED (-326 ps) Setup Check with Pin count_reg[7]/CK->D
          Group: clk
     Startpoint: (F) en_cnt
          Clock: (R) clk
       Endpoint: (R) count_reg[7]/D
          Clock: (R) clk

                     Capture       Launch     
        Clock Edge:+    1000            0     
        Drv Adjust:+       0            0     
       Src Latency:+       0            0     
       Net Latency:+       0 (I)        0 (I) 
           Arrival:=    1000            0     
                                              
             Setup:-     139                  
       Uncertainty:-     300                  
     Required Time:=     561                  
      Launch Clock:-       0                  
       Input Delay:-     500                  
         Data Path:-     387                  
             Slack:=    -326                  

Exceptions/Constraints:
  input_delay             500             NPU_input.sdc_line_3_2_1 

#---------------------------------------------------------------------------------------
# Timing Point   Flags   Arc   Edge   Cell     Fanout Load Trans Delay Arrival Instance 
#                                                     (fF)  (ps)  (ps)   (ps)  Location 
#---------------------------------------------------------------------------------------
  en_cnt         -       -     F     (arrival)     18 95.9   500     0     500    (-,-) 
  g4705/Y        -       A->Y  R     NOR2X8         1 18.0   182   194     694    (-,-) 
  g4810/Y        -       A->Y  F     INVX20        15 72.3    93   105     799    (-,-) 
  g4640/Y        -       A1->Y R     OAI221X4       1  4.5   119    87     886    (-,-) 
  count_reg[7]/D <<<     -     R     DFFRHQX4       1    -     -     0     887    (-,-) 
#---------------------------------------------------------------------------------------

