============================================================
  Generated by:           Genus(TM) Synthesis Solution 20.11-s111_1
  Generated on:           Feb 28 2026  03:49:20 pm
  Module:                 downcounter_16bit
  Operating conditions:   slow 
  Interconnect mode:      global
  Area mode:              physical library
============================================================

                               
   Gate     Instances   Area   Library 
---------------------------------------
AND2X1              1    1.710    slow 
AND3X6              1    4.446    slow 
AOI21X1             1    2.052    slow 
AOI21X4             4   20.520    slow 
AOI2BB2X4           5   37.620    slow 
BUFX2               3    5.130    slow 
BUFX6               4   12.312    slow 
CLKAND2X12          2   15.048    slow 
CLKAND2X2           3    6.156    slow 
CLKAND2X3           9   27.702    slow 
CLKAND2X6          11   52.668    slow 
CLKBUFX4            2    4.788    slow 
CLKINVX2            1    1.368    slow 
DFFRHQX2            3   23.598    slow 
DFFRHQX4           10   95.760    slow 
DFFRHQX8            4   45.144    slow 
INVX1               5    3.463    slow 
INVX12              2    7.695    slow 
INVX16              1    5.250    slow 
INVX2               7    7.302    slow 
INVX20              3   18.904    slow 
INVX3               4    5.575    slow 
INVX6               4    8.379    slow 
INVX8               7   19.571    slow 
INVXL               3    2.180    slow 
NAND2BX2            2    4.309    slow 
NAND2BX4            1    3.497    slow 
NAND2X2            17   29.651    slow 
NAND2X4             5   17.100    slow 
NAND2X6             1    4.788    slow 
NAND2X8             8   43.776    slow 
NAND3X8             1    8.208    slow 
NOR2BX2             1    2.736    slow 
NOR2BX4             1    3.762    slow 
NOR2X1              1    1.368    slow 
NOR2X2              5   10.260    slow 
NOR2X4              8   27.360    slow 
NOR2X6              5   22.230    slow 
NOR2X8              7   38.304    slow 
NOR3X4              2   10.260    slow 
NOR3X6              2   14.364    slow 
NOR3X8              1    8.892    slow 
OAI21X2             1    3.078    slow 
OAI21X4             7   33.516    slow 
OAI221X4           14  110.124    slow 
OR2X6               4   16.416    slow 
---------------------------------------
total             194  848.340         


                                        
     Type      Instances   Area  Area % 
----------------------------------------
sequential            17 164.502   19.4 
inverter              37  79.686    9.4 
buffer                 9  22.230    2.6 
logic                131 581.922   68.6 
physical_cells         0   0.000    0.0 
----------------------------------------
total                194 848.340  100.0 

