============================================================
  Generated by:           Genus(TM) Synthesis Solution 20.11-s111_1
  Generated on:           Feb 28 2026  03:33:35 pm
  Module:                 fifo_sync8
  Operating conditions:   slow 
  Interconnect mode:      global
  Area mode:              physical library
============================================================


Path 1: VIOLATED (-978 ps) Setup Check with Pin dout_reg[4]/CK->D
          Group: clk
     Startpoint: (R) rd_en
          Clock: (R) clk
       Endpoint: (R) dout_reg[4]/D
          Clock: (R) clk

                     Capture       Launch     
        Clock Edge:+    1000            0     
        Drv Adjust:+       0            0     
       Src Latency:+       0            0     
       Net Latency:+       0 (I)        0 (I) 
           Arrival:=    1000            0     
                                              
             Setup:-     106                  
       Uncertainty:-     300                  
     Required Time:=     594                  
      Launch Clock:-       0                  
       Input Delay:-     500                  
         Data Path:-    1072                  
             Slack:=    -978                  

Exceptions/Constraints:
  input_delay             500             NPU_input.sdc_line_3_2_1 

#-----------------------------------------------------------------------------------------
#  Timing Point   Flags   Arc   Edge    Cell     Fanout Load Trans Delay Arrival Instance 
#                                                       (fF)  (ps)  (ps)   (ps)  Location 
#-----------------------------------------------------------------------------------------
  rd_en           -       -     R     (arrival)       2 20.5   500     0     500    (-,-) 
  fopt140103/Y    -       A->Y  F     INVX20          1  9.9   114   123     623    (-,-) 
  g107/Y          -       B->Y  R     NOR2X8          1  9.9   122    71     694    (-,-) 
  g140487/Y       -       B->Y  F     NAND2X8         1 18.0   113    99     793    (-,-) 
  fopt143741/Y    -       A->Y  R     INVX20          5 40.9    55    61     854    (-,-) 
  g143743/Y       -       A->Y  R     BUFX16          5 27.2    45    88     941    (-,-) 
  g143746/Y       -       B->Y  R     CLKAND2X12     15 55.6    89   118    1059    (-,-) 
  g136530/Y       -       B->Y  R     AND2X8          8 40.9   107   174    1234    (-,-) 
  g135954__6161/Y -       A1->Y F     AOI22X4         1  6.9   127   112    1346    (-,-) 
  g140319/Y       -       B->Y  R     NAND2X4         1  8.4    63    71    1416    (-,-) 
  g140769/Y       -       A->Y  F     NOR2X6          1  9.9    50    51    1467    (-,-) 
  g140768/Y       -       B->Y  R     NAND2X8         1  9.9    38    36    1504    (-,-) 
  g140767/Y       -       B->Y  F     NOR2X8          1 10.3    42    35    1538    (-,-) 
  g46/Y           -       B->Y  R     NAND3X8         1  4.6    36    33    1571    (-,-) 
  dout_reg[4]/D   <<<     -     R     DFFRHQX2        1    -     -     0    1572    (-,-) 
#-----------------------------------------------------------------------------------------

