============================================================
  Generated by:           Genus(TM) Synthesis Solution 20.11-s111_1
  Generated on:           Feb 28 2026  03:33:37 pm
  Module:                 fifo_sync8
  Operating conditions:   slow 
  Interconnect mode:      global
  Area mode:              physical library
============================================================

                                 
   Gate     Instances    Area    Library 
-----------------------------------------
AND2X1             26     44.460    slow 
AND2X2             19     38.988    slow 
AND2X4              3      9.234    slow 
AND2X6             95    357.390    slow 
AND2X8             34    151.164    slow 
AND3X1              1      2.394    slow 
AND3X4              1      3.078    slow 
AND3X6              8     35.568    slow 
AND3X8              1      5.130    slow 
AND3XL              5     10.260    slow 
AO21X1              2      4.788    slow 
AO21X4              2      6.840    slow 
AO22X1              1      3.078    slow 
AO22X2              1      3.078    slow 
AO22X4              6     22.572    slow 
AOI21X2             5     13.680    slow 
AOI21X4             9     46.170    slow 
AOI21XL             1      1.710    slow 
AOI221X2            1      4.446    slow 
AOI221X4            1      7.866    slow 
AOI222X1            3      9.234    slow 
AOI222X2            1      5.472    slow 
AOI22X2            52    195.624    slow 
AOI22X4           369   2271.564    slow 
AOI2BB1X2           3      9.234    slow 
AOI2BB1X4           5     20.520    slow 
AOI2BB2X4           7     52.668    slow 
AOI31X4             1      6.498    slow 
AOI32X1             1      3.078    slow 
AOI32X2             2      8.892    slow 
BUFX16              4     27.360    slow 
BUFX2               2      3.420    slow 
BUFX20              5     41.040    slow 
BUFX3               1      2.052    slow 
BUFX6               6     18.468    slow 
CLKAND2X12         35    263.340    slow 
CLKAND2X2          23     47.196    slow 
CLKAND2X3          43    132.354    slow 
CLKAND2X4           6     20.520    slow 
CLKAND2X6          32    153.216    slow 
CLKAND2X8          16     93.024    slow 
CLKINVX12           1      4.104    slow 
CLKINVX16           1      5.472    slow 
DFFHQX4             5     41.040    slow 
DFFHQX8             8     73.872    slow 
DFFRHQX2            6     47.196    slow 
INVX1              89     61.637    slow 
INVX12             30    115.425    slow 
INVX16             28    146.992    slow 
INVX2              21     21.905    slow 
INVX20             13     81.918    slow 
INVX3               4      5.575    slow 
INVX4               9     15.698    slow 
INVX6              22     46.084    slow 
INVX8               9     25.163    slow 
INVXL               1      0.727    slow 
MDFFHQX4            2     18.468    slow 
MDFFHQX8            3     33.858    slow 
NAND2BX1            2      2.787    slow 
NAND2BX2            2      4.309    slow 
NAND2BX4            2      6.994    slow 
NAND2X1            11     11.474    slow 
NAND2X2            21     36.628    slow 
NAND2X4           155    530.100    slow 
NAND2X6           112    536.256    slow 
NAND2X8            49    268.128    slow 
NAND3X1             2      3.420    slow 
NAND3X2             5     13.680    slow 
NAND3X4             4     19.152    slow 
NAND3X6             3     21.546    slow 
NAND3X8            19    155.952    slow 
NAND4X8             2     20.520    slow 
NOR2BX1             1      1.710    slow 
NOR2BX2             6     16.416    slow 
NOR2BX4             7     26.334    slow 
NOR2X1              3      4.104    slow 
NOR2X2             21     43.092    slow 
NOR2X4             30    102.600    slow 
NOR2X6             65    288.990    slow 
NOR2X8             42    229.824    slow 
NOR2XL              3      3.078    slow 
NOR3BX1             3      6.156    slow 
NOR3BX2             1      3.420    slow 
NOR3BX4             2     11.628    slow 
NOR3X6              4     28.728    slow 
NOR3X8              6     53.352    slow 
NOR4X8              2     21.204    slow 
OA21X1              1      2.394    slow 
OA21X4              1      3.762    slow 
OA22X4              1      4.104    slow 
OAI21X2             7     21.546    slow 
OAI21X4             8     38.304    slow 
OAI22X2            14     47.880    slow 
OAI22X4            24    155.952    slow 
OAI2BB1X1           1      2.052    slow 
OAI2BB1X2           3      9.234    slow 
OAI2BB1X4           9     40.014    slow 
OAI33X4             1      9.918    slow 
OR2X2               1      2.052    slow 
OR2X4               1      3.078    slow 
OR2X6              99    406.296    slow 
OR3X4               2      6.156    slow 
OR3X6               2      9.576    slow 
SDFFHQX1          636   5437.800    slow 
SDFFHQX2          125   1154.250    slow 
SDFFHQX4          262   2419.308    slow 
SDFFHQX8            1     11.286    slow 
-----------------------------------------
total            2875  17158.345         


                                          
     Type      Instances    Area   Area % 
------------------------------------------
sequential          1048  9237.078   53.8 
inverter             228   530.699    3.1 
buffer                18    92.340    0.5 
logic               1581  7298.229   42.5 
physical_cells         0     0.000    0.0 
------------------------------------------
total               2875 17158.345  100.0 

