============================================================
  Generated by:           Genus(TM) Synthesis Solution 20.11-s111_1
  Generated on:           Feb 28 2026  03:36:11 pm
  Module:                 mac_8x8_to_16
  Operating conditions:   slow 
  Interconnect mode:      global
  Area mode:              physical library
============================================================

                              
   Gate    Instances   Area   Library 
--------------------------------------
ADDFXL            27  184.680    slow 
AOI21XL            5    8.550    slow 
AOI22XL            4    9.576    slow 
AOI2BB1X4          1    4.104    slow 
BUFX2             16   27.360    slow 
BUFX3              1    2.052    slow 
CLKAND2X6          1    4.788    slow 
CLKBUFX2          15   25.650    slow 
CLKINVX2           9   12.312    slow 
CLKXOR2X1          5   15.390    slow 
DFFHQX1           15   92.340    slow 
DFFHQX4            1    8.208    slow 
INVX1             36   24.932    slow 
INVX12             1    3.848    slow 
INVX16             4   20.999    slow 
INVX2              4    4.172    slow 
INVX20             3   18.904    slow 
INVX3              1    1.394    slow 
INVX6              1    2.095    slow 
INVX8              1    2.796    slow 
MX2X2              1    3.078    slow 
MX2XL             15   41.040    slow 
MXI2XL             3    7.182    slow 
NAND2BX1           1    1.394    slow 
NAND2X1            1    1.043    slow 
NAND2X4            1    3.420    slow 
NAND2X8            2   10.944    slow 
NOR2BX1            1    1.710    slow 
NOR2X6             1    4.446    slow 
NOR2X8             2   10.944    slow 
NOR2XL            11   11.286    slow 
NOR3X8             1    8.892    slow 
OA22X1             1    3.078    slow 
OAI21XL            6   10.260    slow 
OAI22X4           15   97.470    slow 
OAI22XL           23   47.196    slow 
OAI2BB1X1          1    2.052    slow 
OR2X1              3    5.130    slow 
XNOR2X1           32   98.496    slow 
--------------------------------------
total            272  843.210         


                                        
     Type      Instances   Area  Area % 
----------------------------------------
sequential            16 100.548   11.9 
inverter              60  91.451   10.8 
buffer                32  55.062    6.5 
unresolved             1   0.000    0.0 
logic                164 596.149   70.7 
physical_cells         0   0.000    0.0 
----------------------------------------
total                273 843.210  100.0 

