============================================================
  Generated by:           Genus(TM) Synthesis Solution 20.11-s111_1
  Generated on:           Feb 28 2026  03:36:11 pm
  Module:                 mac_8x8_to_16
  Operating conditions:   slow 
  Interconnect mode:      global
  Area mode:              physical library
============================================================


Path 1: VIOLATED (-326 ps) Setup Check with Pin acc_out_reg[4]/CK->D
          Group: clk
     Startpoint: (F) rst
          Clock: (R) clk
       Endpoint: (R) acc_out_reg[4]/D
          Clock: (R) clk

                     Capture       Launch     
        Clock Edge:+    1000            0     
        Drv Adjust:+       0            0     
       Src Latency:+       0            0     
       Net Latency:+       0 (I)        0 (I) 
           Arrival:=    1000            0     
                                              
             Setup:-     116                  
       Uncertainty:-     300                  
     Required Time:=     584                  
      Launch Clock:-       0                  
       Input Delay:-     500                  
         Data Path:-     411                  
             Slack:=    -326                  

Exceptions/Constraints:
  input_delay             500             NPU_input.sdc_line_3 

#-----------------------------------------------------------------------------------------
#  Timing Point    Flags   Arc   Edge   Cell     Fanout Load Trans Delay Arrival Instance 
#                                                       (fF)  (ps)  (ps)   (ps)  Location 
#-----------------------------------------------------------------------------------------
  rst              -       -     F     (arrival)      4 42.0   500     0     500    (-,-) 
  g24/Y            -       A->Y  R     NOR3X8         1 14.9   221   231     731    (-,-) 
  g2051/Y          -       A->Y  F     INVX16         7 36.0    84   101     832    (-,-) 
  g1990__6260/Y    -       A1->Y R     OAI22X4        1  4.5   105    79     911    (-,-) 
  acc_out_reg[4]/D -       -     R     DFFHQX1        1    -     -     0     911    (-,-) 
#-----------------------------------------------------------------------------------------

