============================================================
  Generated by:           Genus(TM) Synthesis Solution 20.11-s111_1
  Generated on:           Feb 28 2026  03:17:09 pm
  Module:                 npu_fsm
  Operating conditions:   slow 
  Interconnect mode:      global
  Area mode:              physical library
============================================================


Path 1: VIOLATED (-238 ps) Late External Delay Assertion at pin FIFO_WR_EN
          Group: clk
     Startpoint: (R) current_state_reg[0]/CK
          Clock: (R) clk
       Endpoint: (R) FIFO_WR_EN
          Clock: (R) clk

                     Capture       Launch     
        Clock Edge:+    1000            0     
       Src Latency:+       0            0     
       Net Latency:+       0 (I)        0 (I) 
           Arrival:=    1000            0     
                                              
      Output Delay:-     500                  
       Uncertainty:-     300                  
     Required Time:=     200                  
      Launch Clock:-       0                  
         Data Path:-     438                  
             Slack:=    -238                  

Exceptions/Constraints:
  output_delay             500             NPU_input.sdc_line_6_6_1 

#------------------------------------------------------------------------------------------------
#      Timing Point       Flags   Arc   Edge   Cell     Fanout Load Trans Delay Arrival Instance 
#                                                              (fF)  (ps)  (ps)   (ps)  Location 
#------------------------------------------------------------------------------------------------
  current_state_reg[0]/CK -       -     R     (arrival)      3    -     0     0       0    (-,-) 
  current_state_reg[0]/Q  -       CK->Q R     DFFRHQX8       4 23.5    74   312     312    (-,-) 
  g19/Y                   -       A->Y  F     INVX3          1  8.6    61    59     371    (-,-) 
  g18/Y                   -       C->Y  R     NOR3X6         2  5.7   102    68     438    (-,-) 
  FIFO_WR_EN              <<<     -     R     (port)         -    -     -     0     438    (-,-) 
#------------------------------------------------------------------------------------------------

