============================================================
  Generated by:           Genus(TM) Synthesis Solution 20.11-s111_1
  Generated on:           Feb 28 2026  03:17:09 pm
  Module:                 npu_fsm
  Operating conditions:   slow 
  Interconnect mode:      global
  Area mode:              physical library
============================================================

                              
   Gate    Instances   Area   Library 
--------------------------------------
AOI21X4            1    5.130    slow 
BUFX6              1    3.078    slow 
BUFX8              1    3.762    slow 
CLKAND2X2          2    4.104    slow 
CLKBUFX4           1    2.394    slow 
DFFRHQX4           1    9.576    slow 
DFFRHQX8           2   22.572    slow 
INVX1              1    0.693    slow 
INVX16             2   10.499    slow 
INVX2              2    2.086    slow 
INVX20             1    6.301    slow 
INVX3              3    4.181    slow 
INVX8              5   13.979    slow 
NAND2X2            1    1.744    slow 
NAND2X4            1    3.420    slow 
NAND2X8            1    5.472    slow 
NAND3BX4           1    5.130    slow 
NOR2X8             1    5.472    slow 
NOR3X2             1    2.736    slow 
NOR3X4             2   10.260    slow 
NOR3X6             1    7.182    slow 
OAI21X4            3   14.364    slow 
XNOR2X4            1    4.104    slow 
--------------------------------------
total             36  148.240         


                                        
     Type      Instances   Area  Area % 
----------------------------------------
sequential             3  32.148   21.7 
inverter              14  37.740   25.5 
buffer                 3   9.234    6.2 
logic                 16  69.118   46.6 
physical_cells         0   0.000    0.0 
----------------------------------------
total                 36 148.240  100.0 

