============================================================
  Generated by:           Genus(TM) Synthesis Solution 20.11-s111_1
  Generated on:           Feb 28 2026  12:23:47 pm
  Module:                 npu_system_top
  Operating conditions:   slow 
  Interconnect mode:      global
  Area mode:              physical library
============================================================


Path 1: VIOLATED (-66 ps) Late External Delay Assertion at pin done
          Group: clk
     Startpoint: (R) done_r_reg/CK
          Clock: (R) clk
       Endpoint: (R) done
          Clock: (R) clk

                     Capture       Launch     
        Clock Edge:+    1000            0     
       Src Latency:+       0            0     
       Net Latency:+       0 (I)        0 (I) 
           Arrival:=    1000            0     
                                              
      Output Delay:-     500                  
       Uncertainty:-     300                  
     Required Time:=     200                  
      Launch Clock:-       0                  
         Data Path:-     266                  
             Slack:=     -66                  

Exceptions/Constraints:
  output_delay             500             NPU_input.sdc_line_6 

#---------------------------------------------------------------------------------------
# Timing Point   Flags   Arc   Edge   Cell     Fanout Load Trans Delay Arrival Instance 
#                                                     (fF)  (ps)  (ps)   (ps)  Location 
#---------------------------------------------------------------------------------------
  done_r_reg/CK  -       -     R     (arrival)      6    -     0     0       0    (-,-) 
  done_r_reg/Q   -       CK->Q R     DFFRHQX4       1  3.8    46   266     266    (-,-) 
  done           <<<     -     R     (port)         -    -     -     0     266    (-,-) 
#---------------------------------------------------------------------------------------

