============================================================
  Generated by:           Genus(TM) Synthesis Solution 20.11-s111_1
  Generated on:           Feb 28 2026  12:23:47 pm
  Module:                 npu_system_top
  Operating conditions:   slow 
  Interconnect mode:      global
  Area mode:              physical library
============================================================

                            
  Gate    Instances   Area  Library 
------------------------------------
BUFX2             6  10.260    slow 
DFFRHQX4          1   9.576    slow 
INVX1             4   2.770    slow 
NAND2BX1          1   1.394    slow 
OAI31X1           1   2.052    slow 
OR4X1             1   2.394    slow 
------------------------------------
total            14  28.446         


                                       
     Type      Instances  Area  Area % 
---------------------------------------
sequential             1  9.576   33.7 
inverter               4  2.770    9.7 
buffer                 6 10.260   36.1 
unresolved             5  0.000    0.0 
logic                  3  5.840   20.5 
physical_cells         0  0.000    0.0 
---------------------------------------
total                 19 28.446  100.0 

