============================================================
  Generated by:           Genus(TM) Synthesis Solution 20.11-s111_1
  Generated on:           Feb 28 2026  03:41:54 pm
  Module:                 output_mux
  Operating conditions:   slow 
  Interconnect mode:      global
  Area mode:              physical library
============================================================

                            
  Gate    Instances   Area  Library 
------------------------------------
AND2X1            1   1.710    slow 
AOI22XL          16  38.304    slow 
NAND2BX1          1   1.394    slow 
NAND2X1           8   8.345    slow 
NOR2BXL           2   3.420    slow 
NOR2XL            2   2.052    slow 
------------------------------------
total            30  55.224         


                                       
     Type      Instances  Area  Area % 
---------------------------------------
logic                 30 55.224  100.0 
physical_cells         0  0.000    0.0 
---------------------------------------
total                 30 55.224  100.0 

