============================================================
  Generated by:           Genus(TM) Synthesis Solution 20.11-s111_1
  Generated on:           Feb 28 2026  03:44:34 pm
  Module:                 piso_2x16_to_8
  Operating conditions:   slow 
  Interconnect mode:      global
  Area mode:              physical library
============================================================


Path 1: VIOLATED (-360 ps) Setup Check with Pin dout_reg[7]/CK->D
          Group: clk
     Startpoint: (R) en
          Clock: (R) clk
       Endpoint: (R) dout_reg[7]/D
          Clock: (R) clk

                     Capture       Launch     
        Clock Edge:+    1000            0     
        Drv Adjust:+       0            0     
       Src Latency:+       0            0     
       Net Latency:+       0 (I)        0 (I) 
           Arrival:=    1000            0     
                                              
             Setup:-     134                  
       Uncertainty:-     300                  
     Required Time:=     566                  
      Launch Clock:-       0                  
       Input Delay:-     500                  
         Data Path:-     426                  
             Slack:=    -360                  

Exceptions/Constraints:
  input_delay             500             NPU_input.sdc_line_3_1_1 

#-------------------------------------------------------------------------------------------------------
#         Timing Point          Flags   Arc   Edge    Cell     Fanout Load Trans Delay Arrival Instance 
#                                                                     (fF)  (ps)  (ps)   (ps)  Location 
#-------------------------------------------------------------------------------------------------------
  en                            -       -     R     (arrival)       9 68.3   500     0     500    (-,-) 
  g3213__4077_dup5256_dup5393/Y -       B->Y  R     CLKAND2X6       1  7.1    51   216     716    (-,-) 
  g3209__4120_dup4964_dup5281/Y -       B->Y  R     CLKAND2X12      3 26.0    55   100     816    (-,-) 
  fopt5235/Y                    -       A->Y  F     INVX20          9 33.8    43    42     858    (-,-) 
  g3109__4969/Y                 -       B1->Y R     OAI22X2         1  4.6   139    68     926    (-,-) 
  dout_reg[7]/D                 <<<     -     R     DFFHQX4         1    -     -     0     926    (-,-) 
#-------------------------------------------------------------------------------------------------------

