============================================================
  Generated by:           Genus(TM) Synthesis Solution 20.11-s111_1
  Generated on:           Feb 28 2026  03:44:34 pm
  Module:                 piso_2x16_to_8
  Operating conditions:   slow 
  Interconnect mode:      global
  Area mode:              physical library
============================================================

                                
   Gate     Instances    Area   Library 
----------------------------------------
AND2X1              1     1.710    slow 
AOI21X4            15    76.950    slow 
BUFX2               1     1.710    slow 
CLKAND2X12         16   120.384    slow 
CLKAND2X2           6    12.312    slow 
CLKAND2X3          18    55.404    slow 
CLKAND2X6           7    33.516    slow 
CLKINVX12           1     4.104    slow 
CLKINVX20           1     6.498    slow 
DFFHQX1            25   153.900    slow 
DFFHQX2             1     6.840    slow 
DFFHQX4            16   131.328    slow 
DFFHQX8             1     9.234    slow 
INVX1              25    17.314    slow 
INVX12              1     3.848    slow 
INVX16              6    31.498    slow 
INVX2               1     1.043    slow 
INVX20              5    31.507    slow 
INVX3               2     2.787    slow 
INVX4               4     6.977    slow 
INVX6               1     2.095    slow 
INVX8               1     2.796    slow 
MDFFHQX4            1     9.234    slow 
NAND2BX4            1     3.497    slow 
NAND2X2             9    15.698    slow 
NAND2X4            26    88.920    slow 
NAND2X6             2     9.576    slow 
NAND2X8             2    10.944    slow 
NAND3X4             5    23.940    slow 
NAND3X6             3    21.546    slow 
NOR2X4              2     6.840    slow 
NOR2X6              4    17.784    slow 
NOR2X8             11    60.192    slow 
NOR3BX4             2    11.628    slow 
OAI21X4            10    47.880    slow 
OAI22X2             8    27.360    slow 
OAI2BB1X4          11    48.906    slow 
OR2X1               1     1.710    slow 
----------------------------------------
total             253  1119.409         


                                         
     Type      Instances   Area   Area % 
-----------------------------------------
sequential            44  310.536   27.7 
inverter              48  110.466    9.9 
buffer                 1    1.710    0.2 
logic                160  696.697   62.2 
physical_cells         0    0.000    0.0 
-----------------------------------------
total                253 1119.409  100.0 

