============================================================
  Generated by:           Genus(TM) Synthesis Solution 20.11-s111_1
  Generated on:           Feb 28 2026  03:46:11 pm
  Module:                 relu16
  Operating conditions:   slow 
  Interconnect mode:      global
  Area mode:              physical library
============================================================

                               
   Gate     Instances   Area   Library 
---------------------------------------
BUFX2              15   25.650    slow 
CLKAND2X12          4   30.096    slow 
CLKAND2X6          15   71.820    slow 
DFFHQX1            16   98.496    slow 
INVX12              1    3.848    slow 
INVX20              6   37.808    slow 
NAND2X4             1    3.420    slow 
NAND2X8             2   10.944    slow 
NOR2X6              1    4.446    slow 
NOR2X8              4   21.888    slow 
OR2X6               1    4.104    slow 
---------------------------------------
total              66  312.520         


                                        
     Type      Instances   Area  Area % 
----------------------------------------
sequential            16  98.496   31.5 
inverter               7  41.656   13.3 
buffer                15  25.650    8.2 
logic                 28 146.718   46.9 
physical_cells         0   0.000    0.0 
----------------------------------------
total                 66 312.520  100.0 

