============================================================
  Generated by:           Genus(TM) Synthesis Solution 20.11-s111_1
  Generated on:           Feb 28 2026  03:46:11 pm
  Module:                 relu16
  Operating conditions:   slow 
  Interconnect mode:      global
  Area mode:              physical library
============================================================


Path 1: VIOLATED (-280 ps) Setup Check with Pin x_out_reg[2]/CK->D
          Group: clk
     Startpoint: (R) EN_ReLU
          Clock: (R) clk
       Endpoint: (R) x_out_reg[2]/D
          Clock: (R) clk

                     Capture       Launch     
        Clock Edge:+    1000            0     
        Drv Adjust:+       0            0     
       Src Latency:+       0            0     
       Net Latency:+       0 (I)        0 (I) 
           Arrival:=    1000            0     
                                              
             Setup:-      92                  
       Uncertainty:-     300                  
     Required Time:=     608                  
      Launch Clock:-       0                  
       Input Delay:-     500                  
         Data Path:-     388                  
             Slack:=    -280                  

Exceptions/Constraints:
  input_delay             500             NPU_input.sdc_line_3_1_1 

#-----------------------------------------------------------------------------------------------------
#        Timing Point         Flags   Arc   Edge    Cell     Fanout Load Trans Delay Arrival Instance 
#                                                                   (fF)  (ps)  (ps)   (ps)  Location 
#-----------------------------------------------------------------------------------------------------
  EN_ReLU                     -       -     R     (arrival)       5 76.6   500     0     500    (-,-) 
  g2016_dup2035_dup2176_dup/Y -       A->Y  F     INVX20          1  9.9   114   123     623    (-,-) 
  g1570__2180/Y               -       B->Y  R     NOR2X8          1  7.1   113    66     689    (-,-) 
  g1565__5115_dup2174/Y       -       A->Y  R     CLKAND2X12      4 18.2    46   121     810    (-,-) 
  g1554__2144/Y               -       B->Y  R     CLKAND2X6       1  4.5    32    78     888    (-,-) 
  x_out_reg[2]/D              <<<     -     R     DFFHQX1         1    -     -     0     888    (-,-) 
#-----------------------------------------------------------------------------------------------------

