============================================================
  Generated by:           Genus(TM) Synthesis Solution 20.11-s111_1
  Generated on:           Feb 28 2026  03:21:24 pm
  Module:                 ssfr
  Operating conditions:   slow 
  Interconnect mode:      global
  Area mode:              physical library
============================================================

                              
   Gate    Instances   Area   Library 
--------------------------------------
CLKAND2X6          1    4.788    slow 
INVX1              1    0.693    slow 
INVX12             4   15.390    slow 
INVX16             7   36.748    slow 
INVX20             7   44.109    slow 
INVX6              4    8.379    slow 
INVX8              1    2.796    slow 
NAND2X4            1    3.420    slow 
NAND2X6            3   14.364    slow 
NAND2X8            9   49.248    slow 
NAND3X8            6   49.248    slow 
NOR2X4             5   17.100    slow 
NOR2X6             4   17.784    slow 
NOR2X8             2   10.944    slow 
NOR3X6             3   21.546    slow 
NOR3X8             2   17.784    slow 
NOR4X8             2   21.204    slow 
OR2X6              2    8.208    slow 
SDFFRHQX2         11  109.098    slow 
SDFFRHQX4          2   24.624    slow 
SDFFSHQX2          1   10.944    slow 
SDFFSHQX4          2   24.624    slow 
--------------------------------------
total             80  513.043         


                                        
     Type      Instances   Area  Area % 
----------------------------------------
sequential            16 169.290   33.0 
inverter              24 108.115   21.1 
logic                 40 235.638   45.9 
physical_cells         0   0.000    0.0 
----------------------------------------
total                 80 513.043  100.0 

