============================================================
  Generated by:           Genus(TM) Synthesis Solution 20.11-s111_1
  Generated on:           Feb 28 2026  03:21:23 pm
  Module:                 ssfr
  Operating conditions:   slow 
  Interconnect mode:      global
  Area mode:              physical library
============================================================


Path 1: VIOLATED (-319 ps) Setup Check with Pin ssfr_reg[13]/CK->SE
          Group: clk
     Startpoint: (R) wr_en
          Clock: (R) clk
       Endpoint: (R) ssfr_reg[13]/SE
          Clock: (R) clk

                     Capture       Launch     
        Clock Edge:+    1000            0     
        Drv Adjust:+       0            0     
       Src Latency:+       0            0     
       Net Latency:+       0 (I)        0 (I) 
           Arrival:=    1000            0     
                                              
             Setup:-     195                  
       Uncertainty:-     300                  
     Required Time:=     505                  
      Launch Clock:-       0                  
       Input Delay:-     500                  
         Data Path:-     324                  
             Slack:=    -319                  

Exceptions/Constraints:
  input_delay             500             NPU_input.sdc_line_3_1_1 

#-----------------------------------------------------------------------------------------
#  Timing Point   Flags   Arc   Edge   Cell     Fanout  Load Trans Delay Arrival Instance 
#                                                       (fF)  (ps)  (ps)   (ps)  Location 
#-----------------------------------------------------------------------------------------
  wr_en           -       -     R     (arrival)     14 118.8   500     0     500    (-,-) 
  g43_dup/Y       -       B->Y  F     NAND3X8        1   8.4   190   230     730    (-,-) 
  g8503/Y         -       A->Y  R     NOR2X6         1   5.2    64    94     824    (-,-) 
  ssfr_reg[13]/SE <<<     -     R     SDFFSHQX2      1     -     -     0     824    (-,-) 
#-----------------------------------------------------------------------------------------

